{"C:\\Desenvolvimento\\Workspaces\\fiap\\hackathon\\agendamentos-api\\src\\infrastructure\\repositories\\consulta\\consulta.repository.ts": {"path":"C:\\Desenvolvimento\\Workspaces\\fiap\\hackathon\\agendamentos-api\\src\\infrastructure\\repositories\\consulta\\consulta.repository.ts","statementMap":{"0":{"start":{"line":1,"column":0},"end":{"line":1,"column":52}},"1":{"start":{"line":2,"column":0},"end":{"line":2,"column":51}},"2":{"start":{"line":3,"column":0},"end":{"line":3,"column":90}},"3":{"start":{"line":6,"column":0},"end":{"line":6,"column":64}},"4":{"start":{"line":7,"column":0},"end":{"line":7,"column":67}},"5":{"start":{"line":8,"column":0},"end":{"line":8,"column":72}},"6":{"start":{"line":9,"column":0},"end":{"line":9,"column":59}},"7":{"start":{"line":12,"column":7},"end":{"line":110,"column":null}},"8":{"start":{"line":22,"column":2},"end":{"line":22,"column":53}},"9":{"start":{"line":25,"column":4},"end":{"line":25,"column":73}},"10":{"start":{"line":26,"column":35},"end":{"line":26,"column":72}},"11":{"start":{"line":27,"column":39},"end":{"line":27,"column":78}},"12":{"start":{"line":28,"column":4},"end":{"line":28,"column":43}},"13":{"start":{"line":37,"column":4},"end":{"line":37,"column":73}},"14":{"start":{"line":38,"column":37},"end":{"line":38,"column":39}},"15":{"start":{"line":40,"column":19},"end":{"line":40,"column":63}},"16":{"start":{"line":41,"column":18},"end":{"line":41,"column":64}},"17":{"start":{"line":43,"column":44},"end":{"line":48,"column":6}},"18":{"start":{"line":50,"column":4},"end":{"line":52,"column":7}},"19":{"start":{"line":51,"column":6},"end":{"line":51,"column":58}},"20":{"start":{"line":54,"column":4},"end":{"line":54,"column":19}},"21":{"start":{"line":58,"column":4},"end":{"line":58,"column":73}},"22":{"start":{"line":59,"column":19},"end":{"line":60,"column":null}},"23":{"start":{"line":63,"column":35},"end":{"line":66,"column":6}},"24":{"start":{"line":68,"column":4},"end":{"line":68,"column":49}},"25":{"start":{"line":72,"column":4},"end":{"line":72,"column":73}},"26":{"start":{"line":73,"column":35},"end":{"line":73,"column":72}},"27":{"start":{"line":75,"column":47},"end":{"line":78,"column":null}},"28":{"start":{"line":81,"column":4},"end":{"line":81,"column":71}},"29":{"start":{"line":85,"column":4},"end":{"line":85,"column":73}},"30":{"start":{"line":86,"column":4},"end":{"line":86,"column":64}},"31":{"start":{"line":88,"column":4},"end":{"line":88,"column":16}},"32":{"start":{"line":92,"column":4},"end":{"line":92,"column":73}},"33":{"start":{"line":93,"column":37},"end":{"line":93,"column":39}},"34":{"start":{"line":94,"column":44},"end":{"line":102,"column":6}},"35":{"start":{"line":104,"column":4},"end":{"line":106,"column":7}},"36":{"start":{"line":105,"column":6},"end":{"line":105,"column":58}},"37":{"start":{"line":108,"column":4},"end":{"line":108,"column":19}},"38":{"start":{"line":12,"column":13},"end":{"line":12,"column":31}},"39":{"start":{"line":14,"column":19},"end":{"line":14,"column":null}},"40":{"start":{"line":17,"column":19},"end":{"line":17,"column":null}},"41":{"start":{"line":20,"column":19},"end":{"line":20,"column":null}},"42":{"start":{"line":12,"column":13},"end":{"line":110,"column":null}}},"fnMap":{"0":{"name":"(anonymous_2)","decl":{"start":{"line":12,"column":7},"end":{"line":12,"column":13}},"loc":{"start":{"line":12,"column":7},"end":{"line":110,"column":1}}},"1":{"name":"(anonymous_3)","decl":{"start":{"line":24,"column":2},"end":{"line":24,"column":7}},"loc":{"start":{"line":24,"column":31},"end":{"line":29,"column":3}}},"2":{"name":"(anonymous_4)","decl":{"start":{"line":31,"column":2},"end":{"line":31,"column":7}},"loc":{"start":{"line":35,"column":20},"end":{"line":55,"column":3}}},"3":{"name":"(anonymous_5)","decl":{"start":{"line":50,"column":21},"end":{"line":50,"column":22}},"loc":{"start":{"line":50,"column":48},"end":{"line":52,"column":5}}},"4":{"name":"(anonymous_6)","decl":{"start":{"line":57,"column":2},"end":{"line":57,"column":7}},"loc":{"start":{"line":57,"column":44},"end":{"line":69,"column":3}}},"5":{"name":"(anonymous_7)","decl":{"start":{"line":71,"column":2},"end":{"line":71,"column":7}},"loc":{"start":{"line":71,"column":44},"end":{"line":82,"column":3}}},"6":{"name":"(anonymous_8)","decl":{"start":{"line":84,"column":2},"end":{"line":84,"column":7}},"loc":{"start":{"line":84,"column":26},"end":{"line":89,"column":3}}},"7":{"name":"(anonymous_9)","decl":{"start":{"line":91,"column":2},"end":{"line":91,"column":7}},"loc":{"start":{"line":91,"column":74},"end":{"line":109,"column":3}}},"8":{"name":"(anonymous_10)","decl":{"start":{"line":104,"column":21},"end":{"line":104,"column":22}},"loc":{"start":{"line":104,"column":48},"end":{"line":106,"column":5}}}},"branchMap":{"0":{"loc":{"start":{"line":81,"column":11},"end":{"line":81,"column":70}},"type":"binary-expr","locations":[{"start":{"line":81,"column":11},"end":{"line":81,"column":39}},{"start":{"line":81,"column":43},"end":{"line":81,"column":70}}]}},"s":{"0":3,"1":3,"2":3,"3":3,"4":3,"5":3,"6":3,"7":3,"8":7,"9":1,"10":1,"11":1,"12":1,"13":1,"14":1,"15":1,"16":1,"17":1,"18":1,"19":1,"20":1,"21":2,"22":2,"23":2,"24":2,"25":1,"26":1,"27":1,"28":1,"29":1,"30":1,"31":1,"32":0,"33":0,"34":0,"35":0,"36":0,"37":0,"38":3,"39":3,"40":3,"41":3,"42":3},"f":{"0":7,"1":1,"2":1,"3":1,"4":2,"5":1,"6":1,"7":0,"8":0},"b":{"0":[1,1]}}
,"C:\\Desenvolvimento\\Workspaces\\fiap\\hackathon\\agendamentos-api\\src\\infrastructure\\repositories\\event\\event.repository.ts": {"path":"C:\\Desenvolvimento\\Workspaces\\fiap\\hackathon\\agendamentos-api\\src\\infrastructure\\repositories\\event\\event.repository.ts","statementMap":{"0":{"start":{"line":1,"column":0},"end":{"line":1,"column":52}},"1":{"start":{"line":2,"column":0},"end":{"line":2,"column":46}},"2":{"start":{"line":3,"column":0},"end":{"line":3,"column":54}},"3":{"start":{"line":6,"column":7},"end":{"line":39,"column":null}},"4":{"start":{"line":19,"column":22},"end":{"line":26,"column":6}},"5":{"start":{"line":28,"column":4},"end":{"line":28,"column":63}},"6":{"start":{"line":32,"column":25},"end":{"line":32,"column":60}},"7":{"start":{"line":33,"column":17},"end":{"line":34,"column":null}},"8":{"start":{"line":37,"column":4},"end":{"line":37,"column":54}},"9":{"start":{"line":6,"column":13},"end":{"line":6,"column":28}},"10":{"start":{"line":8,"column":19},"end":{"line":8,"column":null}},"11":{"start":{"line":11,"column":19},"end":{"line":11,"column":null}},"12":{"start":{"line":6,"column":13},"end":{"line":39,"column":null}}},"fnMap":{"0":{"name":"(anonymous_2)","decl":{"start":{"line":13,"column":2},"end":{"line":13,"column":7}},"loc":{"start":{"line":17,"column":24},"end":{"line":29,"column":3}}},"1":{"name":"(anonymous_3)","decl":{"start":{"line":31,"column":2},"end":{"line":31,"column":10}},"loc":{"start":{"line":31,"column":24},"end":{"line":38,"column":3}}}},"branchMap":{"0":{"loc":{"start":{"line":17,"column":4},"end":{"line":17,"column":24}},"type":"default-arg","locations":[{"start":{"line":17,"column":20},"end":{"line":17,"column":24}}]}},"s":{"0":6,"1":6,"2":6,"3":6,"4":1,"5":1,"6":1,"7":1,"8":1,"9":6,"10":6,"11":6,"12":6},"f":{"0":1,"1":1},"b":{"0":[1]}}
,"C:\\Desenvolvimento\\Workspaces\\fiap\\hackathon\\agendamentos-api\\src\\infrastructure\\repositories\\horario\\horario.repository.ts": {"path":"C:\\Desenvolvimento\\Workspaces\\fiap\\hackathon\\agendamentos-api\\src\\infrastructure\\repositories\\horario\\horario.repository.ts","statementMap":{"0":{"start":{"line":1,"column":0},"end":{"line":1,"column":52}},"1":{"start":{"line":2,"column":0},"end":{"line":2,"column":51}},"2":{"start":{"line":3,"column":0},"end":{"line":3,"column":73}},"3":{"start":{"line":6,"column":0},"end":{"line":6,"column":62}},"4":{"start":{"line":7,"column":0},"end":{"line":7,"column":65}},"5":{"start":{"line":8,"column":0},"end":{"line":8,"column":72}},"6":{"start":{"line":9,"column":0},"end":{"line":9,"column":59}},"7":{"start":{"line":12,"column":7},"end":{"line":110,"column":null}},"8":{"start":{"line":22,"column":2},"end":{"line":22,"column":52}},"9":{"start":{"line":25,"column":4},"end":{"line":25,"column":72}},"10":{"start":{"line":26,"column":34},"end":{"line":26,"column":70}},"11":{"start":{"line":27,"column":37},"end":{"line":27,"column":71}},"12":{"start":{"line":28,"column":4},"end":{"line":28,"column":36}},"13":{"start":{"line":37,"column":4},"end":{"line":37,"column":72}},"14":{"start":{"line":38,"column":36},"end":{"line":38,"column":38}},"15":{"start":{"line":40,"column":19},"end":{"line":40,"column":63}},"16":{"start":{"line":41,"column":18},"end":{"line":41,"column":64}},"17":{"start":{"line":43,"column":43},"end":{"line":48,"column":6}},"18":{"start":{"line":50,"column":4},"end":{"line":52,"column":7}},"19":{"start":{"line":51,"column":6},"end":{"line":51,"column":57}},"20":{"start":{"line":54,"column":4},"end":{"line":54,"column":19}},"21":{"start":{"line":58,"column":4},"end":{"line":58,"column":72}},"22":{"start":{"line":59,"column":19},"end":{"line":60,"column":null}},"23":{"start":{"line":63,"column":34},"end":{"line":66,"column":6}},"24":{"start":{"line":68,"column":4},"end":{"line":68,"column":48}},"25":{"start":{"line":72,"column":4},"end":{"line":72,"column":72}},"26":{"start":{"line":73,"column":34},"end":{"line":73,"column":70}},"27":{"start":{"line":75,"column":47},"end":{"line":78,"column":null}},"28":{"start":{"line":81,"column":4},"end":{"line":81,"column":71}},"29":{"start":{"line":85,"column":4},"end":{"line":85,"column":72}},"30":{"start":{"line":86,"column":4},"end":{"line":86,"column":64}},"31":{"start":{"line":88,"column":4},"end":{"line":88,"column":16}},"32":{"start":{"line":92,"column":4},"end":{"line":92,"column":72}},"33":{"start":{"line":93,"column":36},"end":{"line":93,"column":38}},"34":{"start":{"line":94,"column":43},"end":{"line":102,"column":6}},"35":{"start":{"line":104,"column":4},"end":{"line":106,"column":7}},"36":{"start":{"line":105,"column":6},"end":{"line":105,"column":57}},"37":{"start":{"line":108,"column":4},"end":{"line":108,"column":19}},"38":{"start":{"line":12,"column":13},"end":{"line":12,"column":30}},"39":{"start":{"line":14,"column":19},"end":{"line":14,"column":null}},"40":{"start":{"line":17,"column":19},"end":{"line":17,"column":null}},"41":{"start":{"line":20,"column":19},"end":{"line":20,"column":null}},"42":{"start":{"line":12,"column":13},"end":{"line":110,"column":null}}},"fnMap":{"0":{"name":"(anonymous_2)","decl":{"start":{"line":12,"column":7},"end":{"line":12,"column":13}},"loc":{"start":{"line":12,"column":7},"end":{"line":110,"column":1}}},"1":{"name":"(anonymous_3)","decl":{"start":{"line":24,"column":2},"end":{"line":24,"column":7}},"loc":{"start":{"line":24,"column":30},"end":{"line":29,"column":3}}},"2":{"name":"(anonymous_4)","decl":{"start":{"line":31,"column":2},"end":{"line":31,"column":7}},"loc":{"start":{"line":35,"column":20},"end":{"line":55,"column":3}}},"3":{"name":"(anonymous_5)","decl":{"start":{"line":50,"column":21},"end":{"line":50,"column":22}},"loc":{"start":{"line":50,"column":47},"end":{"line":52,"column":5}}},"4":{"name":"(anonymous_6)","decl":{"start":{"line":57,"column":2},"end":{"line":57,"column":7}},"loc":{"start":{"line":57,"column":44},"end":{"line":69,"column":3}}},"5":{"name":"(anonymous_7)","decl":{"start":{"line":71,"column":2},"end":{"line":71,"column":7}},"loc":{"start":{"line":71,"column":43},"end":{"line":82,"column":3}}},"6":{"name":"(anonymous_8)","decl":{"start":{"line":84,"column":2},"end":{"line":84,"column":7}},"loc":{"start":{"line":84,"column":26},"end":{"line":89,"column":3}}},"7":{"name":"(anonymous_9)","decl":{"start":{"line":91,"column":2},"end":{"line":91,"column":7}},"loc":{"start":{"line":91,"column":73},"end":{"line":109,"column":3}}},"8":{"name":"(anonymous_10)","decl":{"start":{"line":104,"column":21},"end":{"line":104,"column":22}},"loc":{"start":{"line":104,"column":47},"end":{"line":106,"column":5}}}},"branchMap":{"0":{"loc":{"start":{"line":81,"column":11},"end":{"line":81,"column":70}},"type":"binary-expr","locations":[{"start":{"line":81,"column":11},"end":{"line":81,"column":39}},{"start":{"line":81,"column":43},"end":{"line":81,"column":70}}]}},"s":{"0":5,"1":5,"2":5,"3":5,"4":5,"5":5,"6":5,"7":5,"8":7,"9":1,"10":1,"11":1,"12":1,"13":1,"14":1,"15":1,"16":1,"17":1,"18":1,"19":1,"20":1,"21":2,"22":2,"23":2,"24":2,"25":1,"26":1,"27":1,"28":1,"29":1,"30":1,"31":1,"32":0,"33":0,"34":0,"35":0,"36":0,"37":0,"38":5,"39":5,"40":5,"41":5,"42":5},"f":{"0":7,"1":1,"2":1,"3":1,"4":2,"5":1,"6":1,"7":0,"8":0},"b":{"0":[1,1]}}
,"C:\\Desenvolvimento\\Workspaces\\fiap\\hackathon\\agendamentos-api\\src\\infrastructure\\repositories\\identity\\identity.repository.ts": {"path":"C:\\Desenvolvimento\\Workspaces\\fiap\\hackathon\\agendamentos-api\\src\\infrastructure\\repositories\\identity\\identity.repository.ts","statementMap":{"0":{"start":{"line":1,"column":0},"end":{"line":1,"column":44}},"1":{"start":{"line":2,"column":0},"end":{"line":2,"column":null}},"2":{"start":{"line":9,"column":0},"end":{"line":9,"column":null}},"3":{"start":{"line":14,"column":0},"end":{"line":14,"column":63}},"4":{"start":{"line":18,"column":7},"end":{"line":117,"column":null}},"5":{"start":{"line":20,"column":35},"end":{"line":26,"column":6}},"6":{"start":{"line":28,"column":4},"end":{"line":28,"column":26}},"7":{"start":{"line":32,"column":4},"end":{"line":41,"column":5}},"8":{"start":{"line":33,"column":37},"end":{"line":33,"column":79}},"9":{"start":{"line":34,"column":6},"end":{"line":34,"column":45}},"10":{"start":{"line":36,"column":6},"end":{"line":40,"column":7}},"11":{"start":{"line":37,"column":8},"end":{"line":37,"column":20}},"12":{"start":{"line":39,"column":8},"end":{"line":39,"column":20}},"13":{"start":{"line":48,"column":4},"end":{"line":56,"column":5}},"14":{"start":{"line":49,"column":6},"end":{"line":51,"column":9}},"15":{"start":{"line":52,"column":6},"end":{"line":52,"column":18}},"16":{"start":{"line":54,"column":6},"end":{"line":54,"column":27}},"17":{"start":{"line":55,"column":6},"end":{"line":55,"column":19}},"18":{"start":{"line":61,"column":4},"end":{"line":61,"column":47}},"19":{"start":{"line":65,"column":4},"end":{"line":65,"column":47}},"20":{"start":{"line":69,"column":4},"end":{"line":69,"column":47}},"21":{"start":{"line":73,"column":4},"end":{"line":77,"column":7}},"22":{"start":{"line":79,"column":4},"end":{"line":79,"column":16}},"23":{"start":{"line":84,"column":4},"end":{"line":84,"column":36}},"24":{"start":{"line":91,"column":43},"end":{"line":94,"column":null}},"25":{"start":{"line":96,"column":4},"end":{"line":96,"column":44}},"26":{"start":{"line":100,"column":36},"end":{"line":100,"column":77}},"27":{"start":{"line":101,"column":4},"end":{"line":101,"column":40}},"28":{"start":{"line":105,"column":28},"end":{"line":105,"column":41}},"29":{"start":{"line":107,"column":4},"end":{"line":107,"column":32}},"30":{"start":{"line":108,"column":4},"end":{"line":108,"column":37}},"31":{"start":{"line":109,"column":4},"end":{"line":109,"column":33}},"32":{"start":{"line":110,"column":4},"end":{"line":110,"column":36}},"33":{"start":{"line":111,"column":4},"end":{"line":111,"column":42}},"34":{"start":{"line":112,"column":4},"end":{"line":112,"column":58}},"35":{"start":{"line":113,"column":4},"end":{"line":113,"column":42}},"36":{"start":{"line":115,"column":4},"end":{"line":115,"column":18}},"37":{"start":{"line":18,"column":13},"end":{"line":18,"column":31}},"38":{"start":{"line":18,"column":13},"end":{"line":117,"column":null}}},"fnMap":{"0":{"name":"(anonymous_1)","decl":{"start":{"line":19,"column":2},"end":{"line":19,"column":7}},"loc":{"start":{"line":19,"column":60},"end":{"line":29,"column":3}}},"1":{"name":"(anonymous_2)","decl":{"start":{"line":31,"column":2},"end":{"line":31,"column":7}},"loc":{"start":{"line":31,"column":33},"end":{"line":42,"column":3}}},"2":{"name":"(anonymous_3)","decl":{"start":{"line":44,"column":2},"end":{"line":44,"column":7}},"loc":{"start":{"line":46,"column":24},"end":{"line":57,"column":3}}},"3":{"name":"(anonymous_4)","decl":{"start":{"line":60,"column":2},"end":{"line":60,"column":8}},"loc":{"start":{"line":60,"column":24},"end":{"line":62,"column":3}}},"4":{"name":"(anonymous_5)","decl":{"start":{"line":64,"column":2},"end":{"line":64,"column":9}},"loc":{"start":{"line":64,"column":9},"end":{"line":66,"column":3}}},"5":{"name":"(anonymous_6)","decl":{"start":{"line":68,"column":2},"end":{"line":68,"column":9}},"loc":{"start":{"line":68,"column":21},"end":{"line":70,"column":3}}},"6":{"name":"(anonymous_7)","decl":{"start":{"line":72,"column":2},"end":{"line":72,"column":7}},"loc":{"start":{"line":72,"column":43},"end":{"line":80,"column":3}}},"7":{"name":"(anonymous_8)","decl":{"start":{"line":83,"column":2},"end":{"line":83,"column":7}},"loc":{"start":{"line":83,"column":26},"end":{"line":85,"column":3}}},"8":{"name":"(anonymous_9)","decl":{"start":{"line":87,"column":2},"end":{"line":87,"column":7}},"loc":{"start":{"line":89,"column":20},"end":{"line":97,"column":3}}},"9":{"name":"(anonymous_10)","decl":{"start":{"line":99,"column":2},"end":{"line":99,"column":7}},"loc":{"start":{"line":99,"column":35},"end":{"line":102,"column":3}}},"10":{"name":"(anonymous_11)","decl":{"start":{"line":104,"column":10},"end":{"line":104,"column":24}},"loc":{"start":{"line":104,"column":60},"end":{"line":116,"column":3}}}},"branchMap":{"0":{"loc":{"start":{"line":36,"column":6},"end":{"line":40,"column":7}},"type":"if","locations":[{"start":{"line":36,"column":6},"end":{"line":40,"column":7}},{"start":{"line":38,"column":13},"end":{"line":40,"column":7}}]}},"s":{"0":3,"1":3,"2":3,"3":3,"4":3,"5":1,"6":1,"7":3,"8":3,"9":1,"10":2,"11":1,"12":1,"13":2,"14":2,"15":1,"16":1,"17":1,"18":0,"19":0,"20":0,"21":1,"22":1,"23":0,"24":1,"25":1,"26":1,"27":1,"28":2,"29":2,"30":2,"31":2,"32":2,"33":2,"34":2,"35":2,"36":2,"37":3,"38":3},"f":{"0":1,"1":3,"2":2,"3":0,"4":0,"5":0,"6":1,"7":0,"8":1,"9":1,"10":2},"b":{"0":[1,1]}}
,"C:\\Desenvolvimento\\Workspaces\\fiap\\hackathon\\agendamentos-api\\src\\usecases\\consultas\\consultas.controller.ts": {"path":"C:\\Desenvolvimento\\Workspaces\\fiap\\hackathon\\agendamentos-api\\src\\usecases\\consultas\\consultas.controller.ts","statementMap":{"0":{"start":{"line":1,"column":0},"end":{"line":1,"column":null}},"1":{"start":{"line":16,"column":0},"end":{"line":16,"column":55}},"2":{"start":{"line":17,"column":0},"end":{"line":17,"column":62}},"3":{"start":{"line":18,"column":0},"end":{"line":18,"column":62}},"4":{"start":{"line":19,"column":0},"end":{"line":19,"column":null}},"5":{"start":{"line":28,"column":0},"end":{"line":28,"column":84}},"6":{"start":{"line":30,"column":0},"end":{"line":30,"column":64}},"7":{"start":{"line":31,"column":0},"end":{"line":31,"column":85}},"8":{"start":{"line":32,"column":0},"end":{"line":32,"column":48}},"9":{"start":{"line":33,"column":0},"end":{"line":33,"column":62}},"10":{"start":{"line":39,"column":7},"end":{"line":304,"column":null}},"11":{"start":{"line":79,"column":4},"end":{"line":82,"column":6}},"12":{"start":{"line":155,"column":4},"end":{"line":155,"column":70}},"13":{"start":{"line":204,"column":4},"end":{"line":204,"column":54}},"14":{"start":{"line":251,"column":4},"end":{"line":255,"column":6}},"15":{"start":{"line":297,"column":4},"end":{"line":297,"column":65}},"16":{"start":{"line":302,"column":4},"end":{"line":302,"column":49}},"17":{"start":{"line":39,"column":13},"end":{"line":39,"column":32}},"18":{"start":{"line":41,"column":19},"end":{"line":41,"column":null}},"19":{"start":{"line":75,"column":2},"end":{"line":83,"column":null}},"20":{"start":{"line":148,"column":2},"end":{"line":156,"column":null}},"21":{"start":{"line":199,"column":2},"end":{"line":205,"column":null}},"22":{"start":{"line":246,"column":2},"end":{"line":256,"column":null}},"23":{"start":{"line":296,"column":2},"end":{"line":298,"column":null}},"24":{"start":{"line":301,"column":2},"end":{"line":303,"column":null}},"25":{"start":{"line":39,"column":13},"end":{"line":304,"column":null}}},"fnMap":{"0":{"name":"(anonymous_4)","decl":{"start":{"line":75,"column":2},"end":{"line":75,"column":10}},"loc":{"start":{"line":77,"column":48},"end":{"line":83,"column":3}}},"1":{"name":"(anonymous_5)","decl":{"start":{"line":148,"column":2},"end":{"line":148,"column":11}},"loc":{"start":{"line":153,"column":19},"end":{"line":156,"column":3}}},"2":{"name":"(anonymous_6)","decl":{"start":{"line":199,"column":2},"end":{"line":199,"column":11}},"loc":{"start":{"line":202,"column":18},"end":{"line":205,"column":3}}},"3":{"name":"(anonymous_7)","decl":{"start":{"line":246,"column":2},"end":{"line":246,"column":10}},"loc":{"start":{"line":249,"column":48},"end":{"line":256,"column":3}}},"4":{"name":"(anonymous_8)","decl":{"start":{"line":296,"column":2},"end":{"line":296,"column":8}},"loc":{"start":{"line":296,"column":66},"end":{"line":298,"column":3}}},"5":{"name":"(anonymous_9)","decl":{"start":{"line":301,"column":2},"end":{"line":301,"column":31}},"loc":{"start":{"line":301,"column":49},"end":{"line":303,"column":3}}}},"branchMap":{},"s":{"0":1,"1":1,"2":1,"3":1,"4":1,"5":1,"6":1,"7":1,"8":1,"9":1,"10":1,"11":1,"12":1,"13":1,"14":1,"15":1,"16":1,"17":1,"18":1,"19":1,"20":1,"21":1,"22":1,"23":1,"24":1,"25":1},"f":{"0":1,"1":1,"2":1,"3":1,"4":1,"5":1},"b":{}}
,"C:\\Desenvolvimento\\Workspaces\\fiap\\hackathon\\agendamentos-api\\src\\usecases\\consultas\\consultas.service.ts": {"path":"C:\\Desenvolvimento\\Workspaces\\fiap\\hackathon\\agendamentos-api\\src\\usecases\\consultas\\consultas.service.ts","statementMap":{"0":{"start":{"line":1,"column":0},"end":{"line":1,"column":null}},"1":{"start":{"line":9,"column":0},"end":{"line":9,"column":100}},"2":{"start":{"line":11,"column":0},"end":{"line":11,"column":36}},"3":{"start":{"line":12,"column":0},"end":{"line":12,"column":77}},"4":{"start":{"line":14,"column":0},"end":{"line":14,"column":78}},"5":{"start":{"line":15,"column":0},"end":{"line":15,"column":63}},"6":{"start":{"line":18,"column":0},"end":{"line":18,"column":75}},"7":{"start":{"line":19,"column":0},"end":{"line":19,"column":91}},"8":{"start":{"line":20,"column":0},"end":{"line":20,"column":83}},"9":{"start":{"line":23,"column":7},"end":{"line":144,"column":null}},"10":{"start":{"line":40,"column":29},"end":{"line":42,"column":null}},"11":{"start":{"line":45,"column":4},"end":{"line":49,"column":5}},"12":{"start":{"line":46,"column":6},"end":{"line":48,"column":8}},"13":{"start":{"line":51,"column":4},"end":{"line":55,"column":5}},"14":{"start":{"line":52,"column":6},"end":{"line":54,"column":8}},"15":{"start":{"line":57,"column":31},"end":{"line":57,"column":61}},"16":{"start":{"line":58,"column":4},"end":{"line":58,"column":44}},"17":{"start":{"line":59,"column":4},"end":{"line":59,"column":50}},"18":{"start":{"line":61,"column":4},"end":{"line":66,"column":6}},"19":{"start":{"line":68,"column":4},"end":{"line":71,"column":6}},"20":{"start":{"line":75,"column":4},"end":{"line":75,"column":72}},"21":{"start":{"line":79,"column":4},"end":{"line":79,"column":56}},"22":{"start":{"line":83,"column":29},"end":{"line":83,"column":66}},"23":{"start":{"line":86,"column":4},"end":{"line":86,"column":35}},"24":{"start":{"line":88,"column":4},"end":{"line":88,"column":48}},"25":{"start":{"line":90,"column":4},"end":{"line":93,"column":6}},"26":{"start":{"line":97,"column":29},"end":{"line":97,"column":66}},"27":{"start":{"line":99,"column":4},"end":{"line":101,"column":5}},"28":{"start":{"line":103,"column":4},"end":{"line":103,"column":46}},"29":{"start":{"line":105,"column":4},"end":{"line":110,"column":6}},"30":{"start":{"line":112,"column":4},"end":{"line":115,"column":6}},"31":{"start":{"line":119,"column":4},"end":{"line":119,"column":49}},"32":{"start":{"line":121,"column":4},"end":{"line":126,"column":6}},"33":{"start":{"line":128,"column":4},"end":{"line":128,"column":16}},"34":{"start":{"line":132,"column":29},"end":{"line":132,"column":77}},"35":{"start":{"line":135,"column":4},"end":{"line":140,"column":5}},"36":{"start":{"line":139,"column":6},"end":{"line":139,"column":76}},"37":{"start":{"line":142,"column":4},"end":{"line":142,"column":18}},"38":{"start":{"line":23,"column":13},"end":{"line":23,"column":29}},"39":{"start":{"line":25,"column":19},"end":{"line":25,"column":null}},"40":{"start":{"line":28,"column":19},"end":{"line":28,"column":null}},"41":{"start":{"line":31,"column":19},"end":{"line":31,"column":null}},"42":{"start":{"line":34,"column":19},"end":{"line":34,"column":null}},"43":{"start":{"line":23,"column":13},"end":{"line":144,"column":null}}},"fnMap":{"0":{"name":"(anonymous_2)","decl":{"start":{"line":36,"column":2},"end":{"line":36,"column":7}},"loc":{"start":{"line":38,"column":20},"end":{"line":72,"column":3}}},"1":{"name":"(anonymous_3)","decl":{"start":{"line":74,"column":2},"end":{"line":74,"column":9}},"loc":{"start":{"line":74,"column":69},"end":{"line":76,"column":3}}},"2":{"name":"(anonymous_4)","decl":{"start":{"line":78,"column":2},"end":{"line":78,"column":7}},"loc":{"start":{"line":78,"column":43},"end":{"line":80,"column":3}}},"3":{"name":"(anonymous_5)","decl":{"start":{"line":82,"column":2},"end":{"line":82,"column":7}},"loc":{"start":{"line":82,"column":68},"end":{"line":94,"column":3}}},"4":{"name":"(anonymous_6)","decl":{"start":{"line":96,"column":2},"end":{"line":96,"column":7}},"loc":{"start":{"line":96,"column":44},"end":{"line":116,"column":3}}},"5":{"name":"(anonymous_7)","decl":{"start":{"line":118,"column":2},"end":{"line":118,"column":7}},"loc":{"start":{"line":118,"column":31},"end":{"line":129,"column":3}}},"6":{"name":"(anonymous_8)","decl":{"start":{"line":131,"column":10},"end":{"line":131,"column":15}},"loc":{"start":{"line":131,"column":58},"end":{"line":143,"column":3}}}},"branchMap":{"0":{"loc":{"start":{"line":45,"column":4},"end":{"line":49,"column":5}},"type":"if","locations":[{"start":{"line":45,"column":4},"end":{"line":49,"column":5}}]},"1":{"loc":{"start":{"line":51,"column":4},"end":{"line":55,"column":5}},"type":"if","locations":[{"start":{"line":51,"column":4},"end":{"line":55,"column":5}}]},"2":{"loc":{"start":{"line":99,"column":4},"end":{"line":101,"column":5}},"type":"if","locations":[{"start":{"line":99,"column":4},"end":{"line":101,"column":5}}]},"3":{"loc":{"start":{"line":135,"column":4},"end":{"line":140,"column":5}},"type":"if","locations":[{"start":{"line":135,"column":4},"end":{"line":140,"column":5}}]},"4":{"loc":{"start":{"line":136,"column":6},"end":{"line":137,"column":61}},"type":"binary-expr","locations":[{"start":{"line":136,"column":6},"end":{"line":136,"column":63}},{"start":{"line":137,"column":6},"end":{"line":137,"column":61}}]}},"s":{"0":2,"1":2,"2":2,"3":2,"4":2,"5":2,"6":2,"7":2,"8":2,"9":2,"10":3,"11":3,"12":2,"13":1,"14":0,"15":1,"16":1,"17":1,"18":1,"19":1,"20":1,"21":1,"22":2,"23":1,"24":1,"25":1,"26":2,"27":1,"28":1,"29":1,"30":1,"31":1,"32":1,"33":1,"34":4,"35":4,"36":2,"37":2,"38":2,"39":2,"40":2,"41":2,"42":2,"43":2},"f":{"0":3,"1":1,"2":1,"3":2,"4":2,"5":1,"6":4},"b":{"0":[2],"1":[0],"2":[0],"3":[2],"4":[4,2]}}
,"C:\\Desenvolvimento\\Workspaces\\fiap\\hackathon\\agendamentos-api\\src\\usecases\\horarios\\horarios.controller.ts": {"path":"C:\\Desenvolvimento\\Workspaces\\fiap\\hackathon\\agendamentos-api\\src\\usecases\\horarios\\horarios.controller.ts","statementMap":{"0":{"start":{"line":1,"column":0},"end":{"line":1,"column":null}},"1":{"start":{"line":16,"column":0},"end":{"line":16,"column":53}},"2":{"start":{"line":17,"column":0},"end":{"line":17,"column":60}},"3":{"start":{"line":18,"column":0},"end":{"line":18,"column":60}},"4":{"start":{"line":19,"column":0},"end":{"line":19,"column":null}},"5":{"start":{"line":28,"column":0},"end":{"line":28,"column":84}},"6":{"start":{"line":30,"column":0},"end":{"line":30,"column":64}},"7":{"start":{"line":31,"column":0},"end":{"line":31,"column":85}},"8":{"start":{"line":37,"column":7},"end":{"line":298,"column":null}},"9":{"start":{"line":78,"column":4},"end":{"line":78,"column":77}},"10":{"start":{"line":151,"column":4},"end":{"line":151,"column":69}},"11":{"start":{"line":200,"column":4},"end":{"line":200,"column":53}},"12":{"start":{"line":250,"column":4},"end":{"line":254,"column":6}},"13":{"start":{"line":296,"column":4},"end":{"line":296,"column":64}},"14":{"start":{"line":37,"column":13},"end":{"line":37,"column":31}},"15":{"start":{"line":39,"column":19},"end":{"line":39,"column":null}},"16":{"start":{"line":74,"column":2},"end":{"line":79,"column":null}},"17":{"start":{"line":144,"column":2},"end":{"line":152,"column":null}},"18":{"start":{"line":195,"column":2},"end":{"line":201,"column":null}},"19":{"start":{"line":245,"column":2},"end":{"line":255,"column":null}},"20":{"start":{"line":295,"column":2},"end":{"line":297,"column":null}},"21":{"start":{"line":37,"column":13},"end":{"line":298,"column":null}}},"fnMap":{"0":{"name":"(anonymous_4)","decl":{"start":{"line":74,"column":2},"end":{"line":74,"column":8}},"loc":{"start":{"line":76,"column":46},"end":{"line":79,"column":3}}},"1":{"name":"(anonymous_5)","decl":{"start":{"line":144,"column":2},"end":{"line":144,"column":11}},"loc":{"start":{"line":149,"column":65},"end":{"line":152,"column":3}}},"2":{"name":"(anonymous_6)","decl":{"start":{"line":195,"column":2},"end":{"line":195,"column":11}},"loc":{"start":{"line":198,"column":18},"end":{"line":201,"column":3}}},"3":{"name":"(anonymous_7)","decl":{"start":{"line":245,"column":2},"end":{"line":245,"column":10}},"loc":{"start":{"line":248,"column":46},"end":{"line":255,"column":3}}},"4":{"name":"(anonymous_8)","decl":{"start":{"line":295,"column":2},"end":{"line":295,"column":8}},"loc":{"start":{"line":295,"column":66},"end":{"line":297,"column":3}}}},"branchMap":{},"s":{"0":1,"1":1,"2":1,"3":1,"4":1,"5":1,"6":1,"7":1,"8":1,"9":1,"10":1,"11":1,"12":1,"13":1,"14":1,"15":1,"16":1,"17":1,"18":1,"19":1,"20":1,"21":1},"f":{"0":1,"1":1,"2":1,"3":1,"4":1},"b":{}}
,"C:\\Desenvolvimento\\Workspaces\\fiap\\hackathon\\agendamentos-api\\src\\usecases\\horarios\\horarios.service.ts": {"path":"C:\\Desenvolvimento\\Workspaces\\fiap\\hackathon\\agendamentos-api\\src\\usecases\\horarios\\horarios.service.ts","statementMap":{"0":{"start":{"line":1,"column":0},"end":{"line":1,"column":null}},"1":{"start":{"line":10,"column":0},"end":{"line":10,"column":97}},"2":{"start":{"line":11,"column":0},"end":{"line":11,"column":60}},"3":{"start":{"line":12,"column":0},"end":{"line":12,"column":57}},"4":{"start":{"line":13,"column":0},"end":{"line":13,"column":75}},"5":{"start":{"line":16,"column":0},"end":{"line":16,"column":78}},"6":{"start":{"line":17,"column":0},"end":{"line":17,"column":91}},"7":{"start":{"line":18,"column":0},"end":{"line":18,"column":81}},"8":{"start":{"line":22,"column":7},"end":{"line":193,"column":null}},"9":{"start":{"line":36,"column":28},"end":{"line":36,"column":79}},"10":{"start":{"line":38,"column":4},"end":{"line":38,"column":32}},"11":{"start":{"line":40,"column":22},"end":{"line":43,"column":null}},"12":{"start":{"line":46,"column":4},"end":{"line":48,"column":5}},"13":{"start":{"line":47,"column":6},"end":{"line":47,"column":75}},"14":{"start":{"line":50,"column":16},"end":{"line":50,"column":59}},"15":{"start":{"line":51,"column":4},"end":{"line":51,"column":19}},"16":{"start":{"line":55,"column":4},"end":{"line":55,"column":71}},"17":{"start":{"line":59,"column":4},"end":{"line":59,"column":55}},"18":{"start":{"line":63,"column":22},"end":{"line":63,"column":58}},"19":{"start":{"line":65,"column":28},"end":{"line":65,"column":68}},"20":{"start":{"line":67,"column":4},"end":{"line":67,"column":32}},"21":{"start":{"line":72,"column":21},"end":{"line":75,"column":null}},"22":{"start":{"line":78,"column":4},"end":{"line":82,"column":7}},"23":{"start":{"line":79,"column":6},"end":{"line":81,"column":7}},"24":{"start":{"line":80,"column":8},"end":{"line":80,"column":77}},"25":{"start":{"line":84,"column":4},"end":{"line":84,"column":53}},"26":{"start":{"line":86,"column":4},"end":{"line":90,"column":5}},"27":{"start":{"line":92,"column":4},"end":{"line":95,"column":6}},"28":{"start":{"line":99,"column":20},"end":{"line":101,"column":null}},"29":{"start":{"line":103,"column":4},"end":{"line":103,"column":49}},"30":{"start":{"line":104,"column":4},"end":{"line":104,"column":62}},"31":{"start":{"line":106,"column":4},"end":{"line":110,"column":6}},"32":{"start":{"line":112,"column":4},"end":{"line":115,"column":6}},"33":{"start":{"line":119,"column":20},"end":{"line":121,"column":null}},"34":{"start":{"line":123,"column":4},"end":{"line":123,"column":45}},"35":{"start":{"line":124,"column":4},"end":{"line":124,"column":62}},"36":{"start":{"line":128,"column":4},"end":{"line":131,"column":6}},"37":{"start":{"line":135,"column":22},"end":{"line":135,"column":58}},"38":{"start":{"line":137,"column":4},"end":{"line":139,"column":5}},"39":{"start":{"line":141,"column":4},"end":{"line":141,"column":46}},"40":{"start":{"line":148,"column":19},"end":{"line":148,"column":32}},"41":{"start":{"line":150,"column":4},"end":{"line":150,"column":59}},"42":{"start":{"line":151,"column":4},"end":{"line":151,"column":53}},"43":{"start":{"line":152,"column":4},"end":{"line":152,"column":66}},"44":{"start":{"line":153,"column":4},"end":{"line":153,"column":38}},"45":{"start":{"line":154,"column":4},"end":{"line":154,"column":44}},"46":{"start":{"line":156,"column":4},"end":{"line":156,"column":18}},"47":{"start":{"line":160,"column":4},"end":{"line":160,"column":59}},"48":{"start":{"line":161,"column":4},"end":{"line":161,"column":53}},"49":{"start":{"line":162,"column":4},"end":{"line":162,"column":66}},"50":{"start":{"line":163,"column":4},"end":{"line":163,"column":18}},"51":{"start":{"line":167,"column":4},"end":{"line":171,"column":5}},"52":{"start":{"line":168,"column":6},"end":{"line":170,"column":8}},"53":{"start":{"line":173,"column":4},"end":{"line":177,"column":5}},"54":{"start":{"line":174,"column":6},"end":{"line":176,"column":8}},"55":{"start":{"line":181,"column":19},"end":{"line":181,"column":53}},"56":{"start":{"line":183,"column":19},"end":{"line":183,"column":68}},"57":{"start":{"line":185,"column":4},"end":{"line":185,"column":71}},"58":{"start":{"line":185,"column":17},"end":{"line":185,"column":71}},"59":{"start":{"line":187,"column":4},"end":{"line":189,"column":5}},"60":{"start":{"line":188,"column":6},"end":{"line":188,"column":79}},"61":{"start":{"line":191,"column":4},"end":{"line":191,"column":18}},"62":{"start":{"line":22,"column":13},"end":{"line":22,"column":28}},"63":{"start":{"line":24,"column":19},"end":{"line":24,"column":null}},"64":{"start":{"line":27,"column":19},"end":{"line":27,"column":null}},"65":{"start":{"line":30,"column":19},"end":{"line":30,"column":null}},"66":{"start":{"line":22,"column":13},"end":{"line":193,"column":null}}},"fnMap":{"0":{"name":"(anonymous_2)","decl":{"start":{"line":32,"column":2},"end":{"line":32,"column":7}},"loc":{"start":{"line":34,"column":20},"end":{"line":52,"column":3}}},"1":{"name":"(anonymous_3)","decl":{"start":{"line":54,"column":2},"end":{"line":54,"column":9}},"loc":{"start":{"line":54,"column":69},"end":{"line":56,"column":3}}},"2":{"name":"(anonymous_4)","decl":{"start":{"line":58,"column":2},"end":{"line":58,"column":7}},"loc":{"start":{"line":58,"column":43},"end":{"line":60,"column":3}}},"3":{"name":"(anonymous_5)","decl":{"start":{"line":62,"column":2},"end":{"line":62,"column":7}},"loc":{"start":{"line":62,"column":65},"end":{"line":96,"column":3}}},"4":{"name":"(anonymous_6)","decl":{"start":{"line":78,"column":21},"end":{"line":78,"column":22}},"loc":{"start":{"line":78,"column":33},"end":{"line":82,"column":5}}},"5":{"name":"(anonymous_7)","decl":{"start":{"line":98,"column":2},"end":{"line":98,"column":7}},"loc":{"start":{"line":98,"column":51},"end":{"line":116,"column":3}}},"6":{"name":"(anonymous_8)","decl":{"start":{"line":118,"column":2},"end":{"line":118,"column":7}},"loc":{"start":{"line":118,"column":50},"end":{"line":132,"column":3}}},"7":{"name":"(anonymous_9)","decl":{"start":{"line":134,"column":2},"end":{"line":134,"column":7}},"loc":{"start":{"line":134,"column":42},"end":{"line":142,"column":3}}},"8":{"name":"(anonymous_10)","decl":{"start":{"line":144,"column":10},"end":{"line":144,"column":29}},"loc":{"start":{"line":146,"column":20},"end":{"line":157,"column":3}}},"9":{"name":"(anonymous_11)","decl":{"start":{"line":159,"column":10},"end":{"line":159,"column":29}},"loc":{"start":{"line":159,"column":68},"end":{"line":164,"column":3}}},"10":{"name":"(anonymous_12)","decl":{"start":{"line":166,"column":10},"end":{"line":166,"column":24}},"loc":{"start":{"line":166,"column":40},"end":{"line":178,"column":3}}},"11":{"name":"(anonymous_13)","decl":{"start":{"line":180,"column":10},"end":{"line":180,"column":15}},"loc":{"start":{"line":180,"column":56},"end":{"line":192,"column":3}}}},"branchMap":{"0":{"loc":{"start":{"line":46,"column":4},"end":{"line":48,"column":5}},"type":"if","locations":[{"start":{"line":46,"column":4},"end":{"line":48,"column":5}}]},"1":{"loc":{"start":{"line":79,"column":6},"end":{"line":81,"column":7}},"type":"if","locations":[{"start":{"line":79,"column":6},"end":{"line":81,"column":7}}]},"2":{"loc":{"start":{"line":86,"column":4},"end":{"line":90,"column":5}},"type":"if","locations":[{"start":{"line":86,"column":4},"end":{"line":90,"column":5}}]},"3":{"loc":{"start":{"line":137,"column":4},"end":{"line":139,"column":5}},"type":"if","locations":[{"start":{"line":137,"column":4},"end":{"line":139,"column":5}}]},"4":{"loc":{"start":{"line":167,"column":4},"end":{"line":171,"column":5}},"type":"if","locations":[{"start":{"line":167,"column":4},"end":{"line":171,"column":5}}]},"5":{"loc":{"start":{"line":173,"column":4},"end":{"line":177,"column":5}},"type":"if","locations":[{"start":{"line":173,"column":4},"end":{"line":177,"column":5}}]},"6":{"loc":{"start":{"line":173,"column":8},"end":{"line":173,"column":48}},"type":"binary-expr","locations":[{"start":{"line":173,"column":8},"end":{"line":173,"column":25}},{"start":{"line":173,"column":29},"end":{"line":173,"column":48}}]},"7":{"loc":{"start":{"line":185,"column":4},"end":{"line":185,"column":71}},"type":"if","locations":[{"start":{"line":185,"column":4},"end":{"line":185,"column":71}}]},"8":{"loc":{"start":{"line":187,"column":4},"end":{"line":189,"column":5}},"type":"if","locations":[{"start":{"line":187,"column":4},"end":{"line":189,"column":5}}]}},"s":{"0":4,"1":4,"2":4,"3":4,"4":4,"5":4,"6":4,"7":4,"8":4,"9":5,"10":5,"11":2,"12":2,"13":1,"14":1,"15":1,"16":1,"17":1,"18":7,"19":5,"20":5,"21":2,"22":2,"23":1,"24":1,"25":1,"26":1,"27":1,"28":1,"29":1,"30":1,"31":1,"32":1,"33":1,"34":1,"35":1,"36":1,"37":1,"38":1,"39":1,"40":5,"41":5,"42":5,"43":5,"44":5,"45":5,"46":5,"47":5,"48":5,"49":5,"50":5,"51":10,"52":2,"53":8,"54":4,"55":8,"56":8,"57":8,"58":1,"59":7,"60":1,"61":6,"62":4,"63":4,"64":4,"65":4,"66":4},"f":{"0":5,"1":1,"2":1,"3":7,"4":1,"5":1,"6":1,"7":1,"8":5,"9":5,"10":10,"11":8},"b":{"0":[1],"1":[1],"2":[0],"3":[0],"4":[2],"5":[4],"6":[8,4],"7":[1],"8":[1]}}
}
