TN:
SF:src\infrastructure\repositories\consulta\consulta.repository.ts
FN:12,(anonymous_2)
FN:24,(anonymous_3)
FN:31,(anonymous_4)
FN:50,(anonymous_5)
FN:57,(anonymous_6)
FN:71,(anonymous_7)
FN:84,(anonymous_8)
FN:91,(anonymous_9)
FN:104,(anonymous_10)
FNF:9
FNH:7
FNDA:7,(anonymous_2)
FNDA:1,(anonymous_3)
FNDA:1,(anonymous_4)
FNDA:1,(anonymous_5)
FNDA:2,(anonymous_6)
FNDA:1,(anonymous_7)
FNDA:1,(anonymous_8)
FNDA:0,(anonymous_9)
FNDA:0,(anonymous_10)
DA:1,3
DA:2,3
DA:3,3
DA:6,3
DA:7,3
DA:8,3
DA:9,3
DA:12,3
DA:14,3
DA:17,3
DA:20,3
DA:22,7
DA:25,1
DA:26,1
DA:27,1
DA:28,1
DA:37,1
DA:38,1
DA:40,1
DA:41,1
DA:43,1
DA:50,1
DA:51,1
DA:54,1
DA:58,2
DA:59,2
DA:63,2
DA:68,2
DA:72,1
DA:73,1
DA:75,1
DA:81,1
DA:85,1
DA:86,1
DA:88,1
DA:92,0
DA:93,0
DA:94,0
DA:104,0
DA:105,0
DA:108,0
LF:41
LH:35
BRDA:81,0,0,1
BRDA:81,0,1,1
BRF:2
BRH:2
end_of_record
TN:
SF:src\infrastructure\repositories\event\event.repository.ts
FN:13,(anonymous_2)
FN:31,(anonymous_3)
FNF:2
FNH:2
FNDA:1,(anonymous_2)
FNDA:1,(anonymous_3)
DA:1,6
DA:2,6
DA:3,6
DA:6,6
DA:8,6
DA:11,6
DA:19,1
DA:28,1
DA:32,1
DA:33,1
DA:37,1
LF:11
LH:11
BRDA:17,0,0,1
BRF:1
BRH:1
end_of_record
TN:
SF:src\infrastructure\repositories\horario\horario.repository.ts
FN:12,(anonymous_2)
FN:24,(anonymous_3)
FN:31,(anonymous_4)
FN:50,(anonymous_5)
FN:57,(anonymous_6)
FN:71,(anonymous_7)
FN:84,(anonymous_8)
FN:91,(anonymous_9)
FN:104,(anonymous_10)
FNF:9
FNH:7
FNDA:7,(anonymous_2)
FNDA:1,(anonymous_3)
FNDA:1,(anonymous_4)
FNDA:1,(anonymous_5)
FNDA:2,(anonymous_6)
FNDA:1,(anonymous_7)
FNDA:1,(anonymous_8)
FNDA:0,(anonymous_9)
FNDA:0,(anonymous_10)
DA:1,5
DA:2,5
DA:3,5
DA:6,5
DA:7,5
DA:8,5
DA:9,5
DA:12,5
DA:14,5
DA:17,5
DA:20,5
DA:22,7
DA:25,1
DA:26,1
DA:27,1
DA:28,1
DA:37,1
DA:38,1
DA:40,1
DA:41,1
DA:43,1
DA:50,1
DA:51,1
DA:54,1
DA:58,2
DA:59,2
DA:63,2
DA:68,2
DA:72,1
DA:73,1
DA:75,1
DA:81,1
DA:85,1
DA:86,1
DA:88,1
DA:92,0
DA:93,0
DA:94,0
DA:104,0
DA:105,0
DA:108,0
LF:41
LH:35
BRDA:81,0,0,1
BRDA:81,0,1,1
BRF:2
BRH:2
end_of_record
TN:
SF:src\infrastructure\repositories\identity\identity.repository.ts
FN:19,(anonymous_1)
FN:31,(anonymous_2)
FN:44,(anonymous_3)
FN:60,(anonymous_4)
FN:64,(anonymous_5)
FN:68,(anonymous_6)
FN:72,(anonymous_7)
FN:83,(anonymous_8)
FN:87,(anonymous_9)
FN:99,(anonymous_10)
FN:104,(anonymous_11)
FNF:11
FNH:7
FNDA:1,(anonymous_1)
FNDA:3,(anonymous_2)
FNDA:2,(anonymous_3)
FNDA:0,(anonymous_4)
FNDA:0,(anonymous_5)
FNDA:0,(anonymous_6)
FNDA:1,(anonymous_7)
FNDA:0,(anonymous_8)
FNDA:1,(anonymous_9)
FNDA:1,(anonymous_10)
FNDA:2,(anonymous_11)
DA:1,3
DA:2,3
DA:9,3
DA:14,3
DA:18,3
DA:20,1
DA:28,1
DA:32,3
DA:33,3
DA:34,1
DA:36,2
DA:37,1
DA:39,1
DA:48,2
DA:49,2
DA:52,1
DA:54,1
DA:55,1
DA:61,0
DA:65,0
DA:69,0
DA:73,1
DA:79,1
DA:84,0
DA:91,1
DA:96,1
DA:100,1
DA:101,1
DA:105,2
DA:107,2
DA:108,2
DA:109,2
DA:110,2
DA:111,2
DA:112,2
DA:113,2
DA:115,2
LF:37
LH:33
BRDA:36,0,0,1
BRDA:36,0,1,1
BRF:2
BRH:2
end_of_record
TN:
SF:src\usecases\consultas\consultas.controller.ts
FN:75,(anonymous_4)
FN:148,(anonymous_5)
FN:199,(anonymous_6)
FN:246,(anonymous_7)
FN:296,(anonymous_8)
FN:301,(anonymous_9)
FNF:6
FNH:6
FNDA:1,(anonymous_4)
FNDA:1,(anonymous_5)
FNDA:1,(anonymous_6)
FNDA:1,(anonymous_7)
FNDA:1,(anonymous_8)
FNDA:1,(anonymous_9)
DA:1,1
DA:16,1
DA:17,1
DA:18,1
DA:19,1
DA:28,1
DA:30,1
DA:31,1
DA:32,1
DA:33,1
DA:39,1
DA:41,1
DA:75,1
DA:79,1
DA:148,1
DA:155,1
DA:199,1
DA:204,1
DA:246,1
DA:251,1
DA:296,1
DA:297,1
DA:301,1
DA:302,1
LF:24
LH:24
BRF:0
BRH:0
end_of_record
TN:
SF:src\usecases\consultas\consultas.service.ts
FN:36,(anonymous_2)
FN:74,(anonymous_3)
FN:78,(anonymous_4)
FN:82,(anonymous_5)
FN:96,(anonymous_6)
FN:118,(anonymous_7)
FN:131,(anonymous_8)
FNF:7
FNH:7
FNDA:3,(anonymous_2)
FNDA:1,(anonymous_3)
FNDA:1,(anonymous_4)
FNDA:2,(anonymous_5)
FNDA:2,(anonymous_6)
FNDA:1,(anonymous_7)
FNDA:4,(anonymous_8)
DA:1,2
DA:9,2
DA:11,2
DA:12,2
DA:14,2
DA:15,2
DA:18,2
DA:19,2
DA:20,2
DA:23,2
DA:25,2
DA:28,2
DA:31,2
DA:34,2
DA:40,3
DA:45,3
DA:46,2
DA:51,1
DA:52,0
DA:57,1
DA:58,1
DA:59,1
DA:61,1
DA:68,1
DA:75,1
DA:79,1
DA:83,2
DA:86,1
DA:88,1
DA:90,1
DA:97,2
DA:99,1
DA:103,1
DA:105,1
DA:112,1
DA:119,1
DA:121,1
DA:128,1
DA:132,4
DA:135,4
DA:139,2
DA:142,2
LF:42
LH:41
BRDA:45,0,0,2
BRDA:51,1,0,0
BRDA:99,2,0,0
BRDA:135,3,0,2
BRDA:136,4,0,4
BRDA:136,4,1,2
BRF:6
BRH:4
end_of_record
TN:
SF:src\usecases\horarios\horarios.controller.ts
FN:74,(anonymous_4)
FN:144,(anonymous_5)
FN:195,(anonymous_6)
FN:245,(anonymous_7)
FN:295,(anonymous_8)
FNF:5
FNH:5
FNDA:1,(anonymous_4)
FNDA:1,(anonymous_5)
FNDA:1,(anonymous_6)
FNDA:1,(anonymous_7)
FNDA:1,(anonymous_8)
DA:1,1
DA:16,1
DA:17,1
DA:18,1
DA:19,1
DA:28,1
DA:30,1
DA:31,1
DA:37,1
DA:39,1
DA:74,1
DA:78,1
DA:144,1
DA:151,1
DA:195,1
DA:200,1
DA:245,1
DA:250,1
DA:295,1
DA:296,1
LF:20
LH:20
BRF:0
BRH:0
end_of_record
TN:
SF:src\usecases\horarios\horarios.service.ts
FN:32,(anonymous_2)
FN:54,(anonymous_3)
FN:58,(anonymous_4)
FN:62,(anonymous_5)
FN:78,(anonymous_6)
FN:98,(anonymous_7)
FN:118,(anonymous_8)
FN:134,(anonymous_9)
FN:144,(anonymous_10)
FN:159,(anonymous_11)
FN:166,(anonymous_12)
FN:180,(anonymous_13)
FNF:12
FNH:12
FNDA:5,(anonymous_2)
FNDA:1,(anonymous_3)
FNDA:1,(anonymous_4)
FNDA:7,(anonymous_5)
FNDA:1,(anonymous_6)
FNDA:1,(anonymous_7)
FNDA:1,(anonymous_8)
FNDA:1,(anonymous_9)
FNDA:5,(anonymous_10)
FNDA:5,(anonymous_11)
FNDA:10,(anonymous_12)
FNDA:8,(anonymous_13)
DA:1,4
DA:10,4
DA:11,4
DA:12,4
DA:13,4
DA:16,4
DA:17,4
DA:18,4
DA:22,4
DA:24,4
DA:27,4
DA:30,4
DA:36,5
DA:38,5
DA:40,2
DA:46,2
DA:47,1
DA:50,1
DA:51,1
DA:55,1
DA:59,1
DA:63,7
DA:65,5
DA:67,5
DA:72,2
DA:78,2
DA:79,1
DA:80,1
DA:84,1
DA:86,1
DA:92,1
DA:99,1
DA:103,1
DA:104,1
DA:106,1
DA:112,1
DA:119,1
DA:123,1
DA:124,1
DA:128,1
DA:135,1
DA:137,1
DA:141,1
DA:148,5
DA:150,5
DA:151,5
DA:152,5
DA:153,5
DA:154,5
DA:156,5
DA:160,5
DA:161,5
DA:162,5
DA:163,5
DA:167,10
DA:168,2
DA:173,8
DA:174,4
DA:181,8
DA:183,8
DA:185,8
DA:187,7
DA:188,1
DA:191,6
LF:64
LH:64
BRDA:46,0,0,1
BRDA:79,1,0,1
BRDA:86,2,0,0
BRDA:137,3,0,0
BRDA:167,4,0,2
BRDA:173,5,0,4
BRDA:173,6,0,8
BRDA:173,6,1,4
BRDA:185,7,0,1
BRDA:187,8,0,1
BRF:10
BRH:8
end_of_record
